<?xml version="1.0" encoding="UTF-8"?>
<testng-results ignored="0" total="1" passed="1" failed="0" skipped="0">
  <reporter-output>
  </reporter-output>
  <suite started-at="2026-07-10T19:10:57 IST" name="Suite" finished-at="2026-07-10T19:10:57 IST" duration-ms="164">
    <groups>
      <group name="regression">
        <method signature="DemoTest1.movieTest()[pri:0, instance:Demo.DemoTest1@38c6f217]" name="movieTest" class="Demo.DemoTest1"/>
      </group> <!-- regression -->
    </groups>
    <test started-at="2026-07-10T19:10:57 IST" name="Test" finished-at="2026-07-10T19:10:57 IST" duration-ms="164">
      <class name="Demo.DemoTest1">
        <test-method signature="movieTest()[pri:0, instance:Demo.DemoTest1@38c6f217]" started-at="2026-07-10T19:10:57 IST" name="movieTest" finished-at="2026-07-10T19:10:57 IST" duration-ms="26" status="PASS">
          <reporter-output>
          </reporter-output>
        </test-method> <!-- movieTest -->
      </class> <!-- Demo.DemoTest1 -->
    </test> <!-- Test -->
  </suite> <!-- Suite -->
</testng-results>
